<?xml version="1.0" encoding="UTF-8"?>
<!-- Generated by org.testng.reporters.JUnitReportReporter -->
<testsuite skipped="0" hostname="DESKTOP-M8ARC8E" name="practise.AppiumFramework.ApiDemoTest" tests="2" failures="0" timestamp="28 Nov 2020 17:18:03 GMT" time="132.694" errors="0">
  <testcase name="apiDemo" time="73.413" classname="practise.AppiumFramework.ApiDemoTest"/>
  <testcase name="apiDemo" time="59.281" classname="practise.AppiumFramework.ApiDemoTest"/>
</testsuite> <!-- practise.AppiumFramework.ApiDemoTest -->
