<?xml version="1.0" encoding="UTF-8"?>
<!-- Generated by org.testng.reporters.JUnitReportReporter -->
<testsuite skipped="0" hostname="DESKTOP-M8ARC8E" name="practise.AppiumFramework.ApiDemoTest" tests="2" failures="0" timestamp="24 Nov 2020 05:16:17 GMT" time="169.247" errors="0">
  <testcase name="apiDemo" time="101.272" classname="practise.AppiumFramework.ApiDemoTest"/>
  <testcase name="apiDemo" time="67.975" classname="practise.AppiumFramework.ApiDemoTest"/>
</testsuite> <!-- practise.AppiumFramework.ApiDemoTest -->
