<?xml version="1.0" encoding="UTF-8"?>
<!-- Generated by org.testng.reporters.JUnitReportReporter -->
<testsuite skipped="0" hostname="DESKTOP-M8ARC8E" name="practise.AppiumFramework.Ecommerce_tc_4" tests="1" failures="0" timestamp="18 Nov 2020 16:28:54 GMT" time="49.009" errors="0">
  <testcase name="totalValidation" time="49.009" classname="practise.AppiumFramework.Ecommerce_tc_4"/>
</testsuite> <!-- practise.AppiumFramework.Ecommerce_tc_4 -->
